# This file was automatically created by FeynRules 2.3.48
# Mathematica version: 12.3.1 for Mac OS X ARM (64-bit) (July 8, 2021)
# Date: Wed 22 Sep 2021 11:31:53


# 
# This is the logfile for the model SheSheng

# Authors: O. Panella, R. Leonardi, Shesheng Xue
# Model version: 3.0
# Checking the Quantum numbers
   * Electric charge defined.
# Checking the Lagrangians
   * All Lagrangians are ok.
#
# Particle definitions
#

   * No particles removed. All particles correspond to GenInt setup.

# Automatically assigned PDG numbers
   * Assigned PDG number 9000001 to particle ghA
   * Assigned PDG number 9000002 to particle ghZ
   * Assigned PDG number 9000003 to particle ghWp
   * Assigned PDG number 9000004 to particle ghWm
   * Assigned PDG number 9000005 to particle ghG
   * Assigned PDG number 9000006 to particle AL01+
   * Assigned PDG number 9000007 to particle AL02+
   * Assigned PDG number 9000008 to particle AL03+
   * Assigned PDG number 9000009 to particle ANc1+
   * Assigned PDG number 9000010 to particle ANc2+
   * Assigned PDG number 9000011 to particle ANc3+
   * Assigned PDG number 9000012 to particle ALc1
   * Assigned PDG number 9000013 to particle ALc2
   * Assigned PDG number 9000014 to particle ALc3
   * Assigned PDG number 9000015 to particle AN01
   * Assigned PDG number 9000016 to particle AN02
   * Assigned PDG number 9000017 to particle AN03
   * Assigned PDG number 9000018 to particle Pic1+
   * Assigned PDG number 9000019 to particle Pi0u
   * Assigned PDG number 9000020 to particle Pi0d


# Compulsory PDG codes:
   * Class SM leptons complete.
   * Class SM neutrinos complete.
   * Class SM quarks complete.
   * Class SM gauge bosons complete.
#
# Parameter definitions
#

   * All parameters are ok.


# Vertices
   * Calling FeynmanRules for 6 Lagrangians.
   * Number of classes vertices: 93
   * Number of flavored vertices: 123
   * Saved vertices in InterfaceRun[ 1 ].
   * Checked QNumber conservation.
      - Quantum number GhostNumber conserved in all vertices.
      - Quantum number LeptonNumber conserved in all vertices.
      - Quantum number Q conserved in all vertices.
      - Quantum number Y conserved in all vertices.
   * particles.py written.
   * parameters.py written.
#
# Vertex definitions
#

   * 123 vertices written.
   * vertices.py written.
#
# Lorentz structure definitions
#

   * 21 lorentz structures written.
   * lorentz.py written.
#
# Coupling definitions
#

   * 45 couplings written.
   * couplings.py written.
#
# Coupling order definitions
#

   * 0 couplings orders written.
   * coupling_orders.py written.
#
# Decay definitions
#

   * 80 decays written.
   * decay.py not written
#
# CTCoupling definitions
#

   * 0 CTcouplings written.
   * CT_couplings.py written.
